<?xml version="1.0" encoding="UTF-8"?>
<!-- Generated by org.testng.reporters.JUnitXMLReporter -->
<testsuite hostname="DESKTOP-DM8UP7N" ignored="0" name="Default test" tests="4" failures="0" timestamp="2022-12-11T20:42:58 IST" time="11.675" errors="0">
  <testcase name="test1" time="2.944" classname="healthcare.ca_framework_testfile.healthcare_Register_Testfile"/>
  <testcase name="test2" time="0.825" classname="healthcare.ca_framework_testfile.healthcare_Register_Testfile"/>
  <testcase name="test3" time="0.899" classname="healthcare.ca_framework_testfile.healthcare_Register_Testfile"/>
  <testcase name="test4" time="1.006" classname="healthcare.ca_framework_testfile.healthcare_Register_Testfile"/>
</testsuite> <!-- Default test -->
