<?xml version="1.0" encoding="UTF-8"?>
<testng-results skipped="0" failed="0" ignored="0" total="5" passed="5">
  <reporter-output>
  </reporter-output>
  <suite name="Default suite" duration-ms="10810" started-at="2022-12-11T21:26:53 IST" finished-at="2022-12-11T21:27:04 IST">
    <groups>
    </groups>
    <test name="Default test" duration-ms="10810" started-at="2022-12-11T21:26:53 IST" finished-at="2022-12-11T21:27:04 IST">
      <class name="healthcare.ca_framework_testfile.healthcare_Register_Testfile">
        <test-method status="PASS" signature="launch()[pri:0, instance:healthcare.ca_framework_testfile.healthcare_Register_Testfile@6121c9d6]" name="launch" is-config="true" duration-ms="46351" started-at="2022-12-11T21:26:06 IST" finished-at="2022-12-11T21:26:53 IST">
          <reporter-output>
          </reporter-output>
        </test-method> <!-- launch -->
        <test-method status="PASS" signature="test1()[pri:0, instance:healthcare.ca_framework_testfile.healthcare_Register_Testfile@6121c9d6]" name="test1" duration-ms="896" started-at="2022-12-11T21:26:53 IST" finished-at="2022-12-11T21:26:54 IST">
          <reporter-output>
          </reporter-output>
        </test-method> <!-- test1 -->
        <test-method status="PASS" signature="test2()[pri:0, instance:healthcare.ca_framework_testfile.healthcare_Register_Testfile@6121c9d6]" name="test2" duration-ms="955" started-at="2022-12-11T21:26:54 IST" finished-at="2022-12-11T21:26:55 IST">
          <reporter-output>
          </reporter-output>
        </test-method> <!-- test2 -->
        <test-method status="PASS" signature="test3()[pri:0, instance:healthcare.ca_framework_testfile.healthcare_Register_Testfile@6121c9d6]" name="test3" duration-ms="859" started-at="2022-12-11T21:26:55 IST" finished-at="2022-12-11T21:26:55 IST">
          <reporter-output>
          </reporter-output>
        </test-method> <!-- test3 -->
        <test-method status="PASS" signature="test4()[pri:0, instance:healthcare.ca_framework_testfile.healthcare_Register_Testfile@6121c9d6]" name="test4" duration-ms="1053" started-at="2022-12-11T21:26:55 IST" finished-at="2022-12-11T21:26:57 IST">
          <reporter-output>
          </reporter-output>
        </test-method> <!-- test4 -->
        <test-method status="PASS" signature="test5()[pri:0, instance:healthcare.ca_framework_testfile.healthcare_Register_Testfile@6121c9d6]" name="test5" duration-ms="1003" started-at="2022-12-11T21:26:57 IST" finished-at="2022-12-11T21:26:58 IST">
          <reporter-output>
          </reporter-output>
        </test-method> <!-- test5 -->
        <test-method status="PASS" signature="end()[pri:0, instance:healthcare.ca_framework_testfile.healthcare_Register_Testfile@6121c9d6]" name="end" is-config="true" duration-ms="5983" started-at="2022-12-11T21:26:58 IST" finished-at="2022-12-11T21:27:04 IST">
          <reporter-output>
          </reporter-output>
        </test-method> <!-- end -->
      </class> <!-- healthcare.ca_framework_testfile.healthcare_Register_Testfile -->
    </test> <!-- Default test -->
  </suite> <!-- Default suite -->
</testng-results>
